<?xml version="1.0" encoding="UTF-8"?>
<!-- Generated by org.testng.reporters.JUnitReportReporter -->
<testsuite skipped="0" hostname="Donalds-MacBook-Pro.local" name="roadrurnner.dashboard.loginTestCase" tests="1" failures="0" timestamp="12 Jul 2017 00:16:57 GMT" time="0.453" errors="0">
  <testcase name="fuck" time="0.453" classname="roadrurnner.dashboard.loginTestCase"/>
</testsuite> <!-- roadrurnner.dashboard.loginTestCase -->
