<?xml version="1.0" encoding="UTF-8"?>
<!-- Generated by org.testng.reporters.JUnitReportReporter -->
<testsuite skipped="0" hostname="Donalds-MacBook-Pro.local" name="roadrurnner.dashboard.AppTest" tests="1" failures="0" timestamp="11 Jul 2017 20:39:50 GMT" time="0.001" errors="0">
  <testcase name="testApp" time="0.001" classname="roadrurnner.dashboard.AppTest"/>
</testsuite> <!-- roadrurnner.dashboard.AppTest -->
