<?xml version="1.0" encoding="UTF-8"?>
<!-- Generated by org.testng.reporters.JUnitReportReporter -->
<testsuite skipped="0" hostname="Donalds-MacBook-Pro.local" name="roadrurnner.dashboard.loginTestCase" tests="1" failures="0" timestamp="11 Jul 2017 20:58:03 GMT" time="8.867" errors="0">
  <testcase name="fuck" time="8.867" classname="roadrurnner.dashboard.loginTestCase"/>
</testsuite> <!-- roadrurnner.dashboard.loginTestCase -->
