<?xml version="1.0" encoding="UTF-8"?>
<!-- Generated by org.testng.reporters.JUnitReportReporter -->
<testsuite skipped="0" hostname="Donalds-MacBook-Pro.local" name="roadrurnner.dashboard.loginTestCase" tests="1" failures="0" timestamp="11 Jul 2017 21:54:26 GMT" time="0.485" errors="0">
  <testcase name="fuck" time="0.485" classname="roadrurnner.dashboard.loginTestCase"/>
</testsuite> <!-- roadrurnner.dashboard.loginTestCase -->
