<?xml version="1.0" encoding="UTF-8"?>
<!-- Generated by org.testng.reporters.JUnitReportReporter -->
<testsuite skipped="0" hostname="Donalds-MacBook-Pro.local" name="parallel.test1" tests="1" failures="0" timestamp="31 Jul 2017 21:47:32 GMT" time="18.686" errors="0">
  <testcase name="f" time="18.686" classname="parallel.test1"/>
</testsuite> <!-- parallel.test1 -->
