<?xml version="1.0" encoding="UTF-8"?>
<!-- Generated by org.testng.reporters.JUnitReportReporter -->
<testsuite skipped="0" hostname="Donalds-MacBook-Pro.local" name="parallel.test2" tests="2" failures="0" timestamp="27 Jul 2017 22:11:52 GMT" time="31.414" errors="0">
  <testcase name="f" time="12.063" classname="parallel.test2"/>
  <testcase name="f" time="19.351" classname="parallel.test2"/>
</testsuite> <!-- parallel.test2 -->
