<?xml version="1.0" encoding="UTF-8"?>
<!-- Generated by org.testng.reporters.JUnitReportReporter -->
<testsuite skipped="0" hostname="Donalds-MacBook-Pro.local" name="dashboard.tests.crudBoundaries" tests="1" failures="0" timestamp="14 Jul 2017 19:08:55 GMT" time="23.814" errors="0">
  <testcase name="boundaries" time="23.814" classname="dashboard.tests.crudBoundaries"/>
</testsuite> <!-- dashboard.tests.crudBoundaries -->
