<?xml version="1.0" encoding="UTF-8"?>
<!-- Generated by org.testng.reporters.JUnitReportReporter -->
<testsuite skipped="0" hostname="Donalds-MacBook-Pro.local" name="roadrurnner.dashboard.loginTestCase" tests="1" failures="0" timestamp="12 Jul 2017 19:47:33 GMT" time="0.515" errors="0">
  <testcase name="sucessLogin" time="0.515" classname="roadrurnner.dashboard.loginTestCase"/>
</testsuite> <!-- roadrurnner.dashboard.loginTestCase -->
