<?xml version="1.0" encoding="UTF-8"?>
<!-- Generated by org.testng.reporters.JUnitReportReporter -->
<testsuite skipped="0" hostname="Donalds-MacBook-Pro.local" name="dashboard.tests.crudBoundaries" tests="1" failures="0" timestamp="12 Jul 2017 23:05:19 GMT" time="13.572" errors="0">
  <testcase name="boundaries" time="13.572" classname="dashboard.tests.crudBoundaries"/>
</testsuite> <!-- dashboard.tests.crudBoundaries -->
