<?xml version="1.0" encoding="UTF-8"?>
<!-- Generated by org.testng.reporters.JUnitReportReporter -->
<testsuite skipped="0" hostname="Donalds-MacBook-Pro.local" name="dashboard.tests.seleniumGrid" tests="1" failures="0" timestamp="21 Jul 2017 01:50:47 GMT" time="82.924" errors="0">
  <testcase name="f" time="82.924" classname="dashboard.tests.seleniumGrid"/>
</testsuite> <!-- dashboard.tests.seleniumGrid -->
