<?xml version="1.0" encoding="UTF-8"?>
<!-- Generated by org.testng.reporters.JUnitReportReporter -->
<testsuite skipped="0" hostname="Donalds-MacBook-Pro.local" name="roadrurnner.dashboard.NewTest" tests="1" failures="0" timestamp="12 Jul 2017 16:40:41 GMT" time="8.322" errors="0">
  <testcase name="f" time="8.322" classname="roadrurnner.dashboard.NewTest"/>
</testsuite> <!-- roadrurnner.dashboard.NewTest -->
