<?xml version="1.0" encoding="UTF-8"?>
<!-- Generated by org.testng.reporters.JUnitReportReporter -->
<testsuite skipped="0" hostname="Donalds-MacBook-Pro.local" name="parallel.test1" tests="2" failures="0" timestamp="27 Jul 2017 22:11:58 GMT" time="26.576" errors="0">
  <testcase name="f" time="12.601" classname="parallel.test1"/>
  <testcase name="f" time="13.975" classname="parallel.test1"/>
</testsuite> <!-- parallel.test1 -->
