<?xml version="1.0" encoding="UTF-8"?>
<!-- Generated by org.testng.reporters.JUnitReportReporter -->
<testsuite skipped="0" hostname="Donalds-MacBook-Pro.local" name="roadrurnner.dashboard.loginTest" tests="1" failures="0" timestamp="12 Jul 2017 21:58:17 GMT" time="0.844" errors="0">
  <testcase name="successLogin" time="0.844" classname="roadrurnner.dashboard.loginTest"/>
</testsuite> <!-- roadrurnner.dashboard.loginTest -->
