<?xml version="1.0" encoding="UTF-8"?>
<!-- Generated by org.testng.reporters.JUnitReportReporter -->
<testsuite skipped="0" hostname="Donalds-MacBook-Pro.local" name="dashboard.pages.browserStack" tests="1" failures="0" timestamp="15 Jul 2017 01:41:57 GMT" time="64.402" errors="0">
  <testcase name="test" time="64.402" classname="dashboard.pages.browserStack"/>
</testsuite> <!-- dashboard.pages.browserStack -->
