<?xml version="1.0" encoding="UTF-8"?>
<!-- Generated by org.testng.reporters.JUnitReportReporter -->
<testsuite skipped="0" hostname="Donalds-MacBook-Pro.local" name="dashboard.pages.browserStack" tests="1" failures="0" timestamp="14 Jul 2017 23:52:04 GMT" time="15.510" errors="0">
  <testcase name="test" time="15.510" classname="dashboard.pages.browserStack"/>
</testsuite> <!-- dashboard.pages.browserStack -->
