<?xml version="1.0" encoding="UTF-8"?>
<!-- Generated by org.testng.reporters.JUnitReportReporter -->
<testsuite skipped="0" hostname="Donalds-MacBook-Pro.local" name="dashboard.tests.loginTest" tests="1" failures="0" timestamp="14 Jul 2017 23:22:08 GMT" time="0.606" errors="0">
  <testcase name="successLogin" time="0.606" classname="dashboard.tests.loginTest"/>
</testsuite> <!-- dashboard.tests.loginTest -->
